<?xml version="1.0" encoding="utf-8"?><testsuites name="pytest tests"><testsuite name="pytest" errors="0" failures="0" skipped="0" tests="8" time="1.296" timestamp="2026-03-14T23:46:33.200686+00:00" hostname="agent-env-92d9477f-7524-4fc6-968e-20712c898ccd"><testcase classname="backend.tests.test_apple_auth_iteration33.TestAppleAuthInit" name="test_apple_init_returns_null_when_not_configured" time="0.165" /><testcase classname="backend.tests.test_apple_auth_iteration33.TestAppleAuthCallback" name="test_apple_callback_requires_id_token" time="0.124" /><testcase classname="backend.tests.test_apple_auth_iteration33.TestAppleAuthCallback" name="test_apple_callback_creates_user_with_test_jwt" time="0.163" /><testcase classname="backend.tests.test_apple_auth_iteration33.TestAppleAuthCallback" name="test_apple_callback_handles_existing_user" time="0.279" /><testcase classname="backend.tests.test_apple_auth_iteration33.TestEmailAuth" name="test_email_login_existing_user" time="0.123" /><testcase classname="backend.tests.test_apple_auth_iteration33.TestEmailAuth" name="test_email_login_wrong_password" time="0.120" /><testcase classname="backend.tests.test_apple_auth_iteration33.TestEmailAuth" name="test_email_register_new_user" time="0.127" /><testcase classname="backend.tests.test_apple_auth_iteration33.TestEmailAuth" name="test_email_register_duplicate_rejected" time="0.133" /></testsuite></testsuites>