<?xml version="1.0" encoding="utf-8"?><testsuites name="pytest tests"><testsuite name="pytest" errors="0" failures="0" skipped="0" tests="10" time="2.130" timestamp="2026-03-13T19:47:43.959518+00:00" hostname="agent-env-d9894f98-9419-4b5a-a83c-498e320d7e2e"><testcase classname="backend.tests.test_credit_system.TestCreditSystemAPI" name="test_usage_endpoint_returns_credits" time="0.274" /><testcase classname="backend.tests.test_credit_system.TestCreditSystemAPI" name="test_usage_limits_structure" time="0.255" /><testcase classname="backend.tests.test_credit_system.TestCreditSystemAPI" name="test_credit_costs_values" time="0.198" /><testcase classname="backend.tests.test_credit_system.TestCreditSystemAPI" name="test_free_plan_limits" time="0.216" /><testcase classname="backend.tests.test_credit_system.TestCreditSystemAPI" name="test_zeta_chat_char_limit_for_free_plan" time="0.195" /><testcase classname="backend.tests.test_credit_system.TestCreditSystemAPI" name="test_judge_locked_for_free_plan" time="0.249" /><testcase classname="backend.tests.test_credit_system.TestImageGenerationAPI" name="test_generate_image_accepts_pro_param" time="0.253" /><testcase classname="backend.tests.test_credit_system.TestImageGenerationAPI" name="test_generate_image_accepts_aspect_ratio" time="0.229" /><testcase classname="backend.tests.test_credit_system.TestPhotoEditAPI" name="test_photo_edit_accepts_pro_param" time="0.207" /><testcase classname="backend.tests.test_credit_system.TestPlanLimitsValidation" name="test_plan_limits_structure_in_backend" time="0.001" /></testsuite></testsuites>