<?xml version="1.0" encoding="utf-8"?><testsuites name="pytest tests"><testsuite name="pytest" errors="0" failures="0" skipped="0" tests="23" time="10.132" timestamp="2026-03-08T15:19:15.575913+00:00" hostname="agent-env-79bc790d-75e5-4d4a-b65c-9b6445448384"><testcase classname="backend.tests.test_zet_api.TestHealthAndRoot" name="test_api_root" time="0.303" /><testcase classname="backend.tests.test_zet_api.TestEmailAuth" name="test_register_new_user" time="0.111" /><testcase classname="backend.tests.test_zet_api.TestEmailAuth" name="test_login_existing_user" time="0.054" /><testcase classname="backend.tests.test_zet_api.TestEmailAuth" name="test_login_wrong_password" time="0.050" /><testcase classname="backend.tests.test_zet_api.TestEmailAuth" name="test_get_me_authenticated" time="0.066" /><testcase classname="backend.tests.test_zet_api.TestDocuments" name="test_create_document" time="0.183" /><testcase classname="backend.tests.test_zet_api.TestDocuments" name="test_get_documents_list" time="0.100" /><testcase classname="backend.tests.test_zet_api.TestDocuments" name="test_get_single_document" time="0.052" /><testcase classname="backend.tests.test_zet_api.TestDocuments" name="test_update_document" time="0.061" /><testcase classname="backend.tests.test_zet_api.TestDocuments" name="test_update_document_pages" time="0.053" /><testcase classname="backend.tests.test_zet_api.TestDocuments" name="test_delete_document" time="0.167" /><testcase classname="backend.tests.test_zet_api.TestNotes" name="test_create_note_without_reminder" time="0.175" /><testcase classname="backend.tests.test_zet_api.TestNotes" name="test_create_note_with_reminder" time="0.050" /><testcase classname="backend.tests.test_zet_api.TestNotes" name="test_get_notes_list" time="0.055" /><testcase classname="backend.tests.test_zet_api.TestNotes" name="test_get_due_reminders" time="0.056" /><testcase classname="backend.tests.test_zet_api.TestNotes" name="test_delete_note" time="0.136" /><testcase classname="backend.tests.test_zet_api.TestSubscription" name="test_get_subscription_free_default" time="0.175" /><testcase classname="backend.tests.test_zet_api.TestSubscription" name="test_subscribe_to_plus" time="0.316" /><testcase classname="backend.tests.test_zet_api.TestSubscription" name="test_verify_subscription_updated" time="0.054" /><testcase classname="backend.tests.test_zet_api.TestSubscription" name="test_request_cancel_subscription" time="0.244" /><testcase classname="backend.tests.test_zet_api.TestUsageLimits" name="test_get_usage_stats" time="0.159" /><testcase classname="backend.tests.test_zet_api.TestDriveIntegration" name="test_drive_status_not_connected" time="0.160" /><testcase classname="backend.tests.test_zet_api.TestZetaAI" name="test_zeta_chat_simple" time="7.264" /></testsuite></testsuites>