<?xml version="1.0" encoding="utf-8"?><testsuites name="pytest tests"><testsuite name="pytest" errors="0" failures="0" skipped="0" tests="11" time="2.835" timestamp="2026-03-13T18:14:01.648195+00:00" hostname="agent-env-d9894f98-9419-4b5a-a83c-498e320d7e2e"><testcase classname="tests.test_iteration26.TestProfilePictureUpload" name="test_upload_profile_picture_base64" time="0.372" /><testcase classname="tests.test_iteration26.TestProfilePictureUpload" name="test_verify_profile_picture_persisted" time="0.361" /><testcase classname="tests.test_iteration26.TestProfilePictureUpload" name="test_upload_empty_image_data" time="0.204" /><testcase classname="tests.test_iteration26.TestProfileUpdate" name="test_update_profile_name" time="0.416" /><testcase classname="tests.test_iteration26.TestSubscriptionAndUsage" name="test_get_subscription" time="0.173" /><testcase classname="tests.test_iteration26.TestSubscriptionAndUsage" name="test_get_usage" time="0.281" /><testcase classname="tests.test_iteration26.TestDocumentEndpoints" name="test_create_document_with_template_data" time="0.258" /><testcase classname="tests.test_iteration26.TestDocumentEndpoints" name="test_get_documents_list" time="0.285" /><testcase classname="tests.test_iteration26.TestAuthEndpoints" name="test_login_valid_credentials" time="0.122" /><testcase classname="tests.test_iteration26.TestAuthEndpoints" name="test_login_invalid_credentials" time="0.120" /><testcase classname="tests.test_iteration26.TestAuthEndpoints" name="test_get_current_user" time="0.182" /></testsuite></testsuites>