<?xml version="1.0" encoding="utf-8"?><testsuites name="pytest tests"><testsuite name="pytest" errors="0" failures="1" skipped="0" tests="18" time="9.331" timestamp="2026-03-08T11:23:42.986692+00:00" hostname="agent-env-f47174f3-0cb2-4c74-8f5b-737192d4f6c7"><testcase classname="backend.tests.test_zet_api.TestHealthCheck" name="test_api_root" time="0.183" /><testcase classname="backend.tests.test_zet_api.TestEmailAuth" name="test_register_new_user" time="0.106" /><testcase classname="backend.tests.test_zet_api.TestEmailAuth" name="test_register_duplicate_email_rejected" time="0.217" /><testcase classname="backend.tests.test_zet_api.TestEmailAuth" name="test_login_success" time="0.199" /><testcase classname="backend.tests.test_zet_api.TestEmailAuth" name="test_login_invalid_password" time="0.245" /><testcase classname="backend.tests.test_zet_api.TestEmailAuth" name="test_login_nonexistent_email" time="0.107" /><testcase classname="backend.tests.test_zet_api.TestDocuments" name="test_get_documents_empty" time="0.236" /><testcase classname="backend.tests.test_zet_api.TestDocuments" name="test_create_document" time="0.212" /><testcase classname="backend.tests.test_zet_api.TestDocuments" name="test_create_and_get_document" time="0.279" /><testcase classname="backend.tests.test_zet_api.TestDocuments" name="test_update_document" time="0.294" /><testcase classname="backend.tests.test_zet_api.TestDocuments" name="test_delete_document" time="0.315" /><testcase classname="backend.tests.test_zet_api.TestNotes" name="test_get_notes_empty" time="0.202" /><testcase classname="backend.tests.test_zet_api.TestNotes" name="test_create_note" time="0.216" /><testcase classname="backend.tests.test_zet_api.TestNotes" name="test_delete_note" time="0.263" /><testcase classname="backend.tests.test_zet_api.TestZetaAI" name="test_zeta_chat_basic" time="5.415"><failure message="assert 500 == 200&#10; +  where 500 = &lt;Response [500]&gt;.status_code">backend/tests/test_zet_api.py:305: in test_zeta_chat_basic
    assert response.status_code == 200
E   assert 500 == 200
E    +  where 500 = &lt;Response [500]&gt;.status_code</failure></testcase><testcase classname="backend.tests.test_zet_api.TestGoogleDrive" name="test_drive_status" time="0.238" /><testcase classname="backend.tests.test_zet_api.TestGoogleDrive" name="test_drive_connect_flow" time="0.198" /><testcase classname="backend.tests.test_zet_api.TestChartCreation" name="test_document_with_chart_content" time="0.322" /></testsuite></testsuites>