<?xml version="1.0" encoding="utf-8"?><testsuites name="pytest tests"><testsuite name="pytest" errors="0" failures="0" skipped="0" tests="11" time="2.734" timestamp="2026-03-16T23:19:04.862261+00:00" hostname="agent-env-05b0d1c8-a51c-4c04-9c3e-8b27ea1623bb"><testcase classname="backend.tests.test_share_comments.TestShareCommentAPIs" name="test_create_share_link_view" time="0.339" /><testcase classname="backend.tests.test_share_comments.TestShareCommentAPIs" name="test_create_share_link_edit" time="0.227" /><testcase classname="backend.tests.test_share_comments.TestShareCommentAPIs" name="test_get_share_links" time="0.197" /><testcase classname="backend.tests.test_share_comments.TestShareCommentAPIs" name="test_get_shared_document_public" time="0.273" /><testcase classname="backend.tests.test_share_comments.TestShareCommentAPIs" name="test_revoke_share_link" time="0.389" /><testcase classname="backend.tests.test_share_comments.TestShareCommentAPIs" name="test_create_comment" time="0.213" /><testcase classname="backend.tests.test_share_comments.TestShareCommentAPIs" name="test_get_comments" time="0.177" /><testcase classname="backend.tests.test_share_comments.TestShareCommentAPIs" name="test_reply_to_comment" time="0.216" /><testcase classname="backend.tests.test_share_comments.TestShareCommentAPIs" name="test_resolve_comment" time="0.268" /><testcase classname="backend.tests.test_share_comments.TestShareCommentAPIs" name="test_delete_comment" time="0.206" /><testcase classname="backend.tests.test_share_comments.TestShareCommentAPIs" name="test_get_online_users" time="0.161" /></testsuite></testsuites>