<?xml version="1.0" encoding="utf-8"?><testsuites name="pytest tests"><testsuite name="pytest" errors="0" failures="0" skipped="0" tests="9" time="5.040" timestamp="2026-03-07T11:56:47.378762+00:00" hostname="agent-env-6c197841-6958-4284-97e9-2daeaa575d50"><testcase classname="backend.tests.test_new_features.TestEmailAuthentication" name="test_register_with_email" time="0.126" /><testcase classname="backend.tests.test_new_features.TestEmailAuthentication" name="test_register_duplicate_email" time="0.215" /><testcase classname="backend.tests.test_new_features.TestEmailAuthentication" name="test_login_with_email" time="0.215" /><testcase classname="backend.tests.test_new_features.TestEmailAuthentication" name="test_login_invalid_password" time="0.192" /><testcase classname="backend.tests.test_new_features.TestEmailAuthentication" name="test_login_nonexistent_email" time="0.103" /><testcase classname="backend.tests.test_new_features.TestEmailAuthentication" name="test_session_works_after_email_login" time="0.202" /><testcase classname="backend.tests.test_new_features.TestZETAFullDocumentContent" name="test_zeta_chat_with_document_content" time="2.437" /><testcase classname="backend.tests.test_new_features.TestZETAFullDocumentContent" name="test_zeta_chat_document_summary" time="1.393" /><testcase classname="backend.tests.test_new_features.TestToolEndpoints" name="test_api_root" time="0.108" /></testsuite></testsuites>