<?xml version="1.0" encoding="utf-8"?><testsuites name="pytest tests"><testsuite name="pytest" errors="0" failures="0" skipped="0" tests="13" time="2.900" timestamp="2026-03-14T09:02:16.362760+00:00" hostname="agent-env-92d9477f-7524-4fc6-968e-20712c898ccd"><testcase classname="backend.tests.test_sp_purchase.TestSPPurchase" name="test_get_subscription_returns_plan" time="0.306" /><testcase classname="backend.tests.test_sp_purchase.TestSPPurchase" name="test_get_quest_progress_returns_sp" time="0.166" /><testcase classname="backend.tests.test_sp_purchase.TestSPPurchase" name="test_buy_with_sp_invalid_plan" time="0.157" /><testcase classname="backend.tests.test_sp_purchase.TestSPPurchase" name="test_buy_with_sp_insufficient_sp" time="0.215" /><testcase classname="backend.tests.test_sp_purchase.TestSPPurchase" name="test_sp_plan_costs_correct" time="0.306" /><testcase classname="backend.tests.test_sp_purchase.TestSPPurchase" name="test_buy_same_or_lower_plan_fails" time="0.144" /><testcase classname="backend.tests.test_sp_purchase.TestSPPurchase" name="test_money_subscription_still_works" time="0.652" /><testcase classname="backend.tests.test_sp_purchase.TestPlanLimits" name="test_usage_endpoint_returns_limits" time="0.162" /><testcase classname="backend.tests.test_sp_purchase.TestPlanLimits" name="test_free_plan_limits" time="0.152" /><testcase classname="backend.tests.test_sp_purchase.TestSPTestUser" name="test_sptest_user_subscription" time="0.243" /><testcase classname="backend.tests.test_sp_purchase.TestAPIAuthentication" name="test_subscription_requires_auth" time="0.137" /><testcase classname="backend.tests.test_sp_purchase.TestAPIAuthentication" name="test_buy_with_sp_requires_auth" time="0.099" /><testcase classname="backend.tests.test_sp_purchase.TestAPIAuthentication" name="test_usage_requires_auth" time="0.099" /></testsuite></testsuites>