<?xml version="1.0" encoding="utf-8"?><testsuites name="pytest tests"><testsuite name="pytest" errors="0" failures="0" skipped="0" tests="13" time="15.336" timestamp="2026-03-08T15:34:09.833229+00:00" hostname="agent-env-79bc790d-75e5-4d4a-b65c-9b6445448384"><testcase classname="backend.tests.test_free_plan_limits.TestFreePlanLimits" name="test_demo_user_login" time="0.384" /><testcase classname="backend.tests.test_free_plan_limits.TestFreePlanLimits" name="test_demo_user_is_free_plan" time="0.064" /><testcase classname="backend.tests.test_free_plan_limits.TestFreePlanLimits" name="test_usage_api_returns_free_limits" time="0.050" /><testcase classname="backend.tests.test_free_plan_limits.TestFreePlanLimits" name="test_judge_locked_for_free_plan" time="3.205" /><testcase classname="backend.tests.test_free_plan_limits.TestPlanLimitsConstants" name="test_free_plan_limits" time="0.195" /><testcase classname="backend.tests.test_free_plan_limits.TestPlanLimitsConstants" name="test_plus_plan_limits" time="0.353" /><testcase classname="backend.tests.test_free_plan_limits.TestPlanLimitsConstants" name="test_pro_plan_limits" time="0.291" /><testcase classname="backend.tests.test_free_plan_limits.TestPlanLimitsConstants" name="test_ultra_plan_limits" time="0.254" /><testcase classname="backend.tests.test_free_plan_limits.TestJudgeAccessControl" name="test_judge_blocked_for_free" time="0.194" /><testcase classname="backend.tests.test_free_plan_limits.TestJudgeAccessControl" name="test_judge_allowed_for_plus" time="2.440" /><testcase classname="backend.tests.test_free_plan_limits.TestZetaKnowledge" name="test_zeta_knows_subscription_packages" time="2.454" /><testcase classname="backend.tests.test_free_plan_limits.TestZetaKnowledge" name="test_zeta_knows_about_tools" time="3.509" /><testcase classname="backend.tests.test_free_plan_limits.TestZetaKnowledge" name="test_zeta_knows_gradient_feature" time="1.873" /></testsuite></testsuites>