<?xml version="1.0" encoding="utf-8"?><testsuites name="pytest tests"><testsuite name="pytest" errors="0" failures="0" skipped="0" tests="13" time="3.380" timestamp="2026-03-15T00:04:12.876912+00:00" hostname="agent-env-92d9477f-7524-4fc6-968e-20712c898ccd"><testcase classname="backend.tests.test_zeta_auto_write.TestZetaAutoWrite" name="test_auto_write_endpoint_exists" time="0.258" /><testcase classname="backend.tests.test_zeta_auto_write.TestZetaAutoWrite" name="test_auto_write_requires_auth" time="0.316" /><testcase classname="backend.tests.test_zeta_auto_write.TestZetaAutoWrite" name="test_auto_write_response_structure" time="0.192" /><testcase classname="backend.tests.test_zeta_auto_write.TestZetaAutoWrite" name="test_auto_write_insufficient_credits_error" time="0.220" /><testcase classname="backend.tests.test_zeta_auto_write.TestZetaAutoWrite" name="test_auto_write_writing_styles" time="0.592" /><testcase classname="backend.tests.test_zeta_auto_write.TestZetaAutoWrite" name="test_auto_write_page_count_range" time="0.346" /><testcase classname="backend.tests.test_zeta_auto_write.TestZetaAutoWrite" name="test_auto_write_credits_calculation" time="0.202" /><testcase classname="backend.tests.test_zeta_auto_write.TestZetaAutoWrite" name="test_auto_write_pages_split_by_marker" time="0.191" /><testcase classname="backend.tests.test_zeta_auto_write.TestPlanLimits" name="test_usage_returns_plan_limits" time="0.198" /><testcase classname="backend.tests.test_zeta_auto_write.TestPlanLimits" name="test_plan_limits_fastselect" time="0.197" /><testcase classname="backend.tests.test_zeta_auto_write.TestPlanLimits" name="test_subscription_endpoint" time="0.212" /><testcase classname="backend.tests.test_zeta_auto_write.TestPlanLimits" name="test_plan_downgrade_simulation" time="0.204" /><testcase classname="backend.tests.test_zeta_auto_write.TestPlanCredits" name="test_daily_credits_by_plan" time="0.194" /></testsuite></testsuites>