<?xml version="1.0" encoding="utf-8"?><testsuites name="pytest tests"><testsuite name="pytest" errors="0" failures="0" skipped="0" tests="24" time="14.250" timestamp="2026-03-06T16:14:35.819775+00:00" hostname="agent-env-d831f02d-e7ee-43da-a9aa-10600970027f"><testcase classname="backend.tests.test_api.TestRootAndHealth" name="test_root_endpoint" time="0.177" /><testcase classname="backend.tests.test_api.TestAuthentication" name="test_auth_me_valid_session" time="0.147" /><testcase classname="backend.tests.test_api.TestAuthentication" name="test_auth_me_invalid_session" time="0.119" /><testcase classname="backend.tests.test_api.TestAuthentication" name="test_auth_me_no_session" time="0.148" /><testcase classname="backend.tests.test_api.TestAuthentication" name="test_auth_bearer_token" time="0.105" /><testcase classname="backend.tests.test_api.TestDocumentsCRUD" name="test_get_documents_list" time="0.115" /><testcase classname="backend.tests.test_api.TestDocumentsCRUD" name="test_get_single_document" time="0.116" /><testcase classname="backend.tests.test_api.TestDocumentsCRUD" name="test_get_nonexistent_document" time="0.143" /><testcase classname="backend.tests.test_api.TestDocumentsCRUD" name="test_create_and_delete_document" time="0.317" /><testcase classname="backend.tests.test_api.TestDocumentsCRUD" name="test_update_document" time="0.160" /><testcase classname="backend.tests.test_api.TestDocumentsCRUD" name="test_update_document_pages" time="0.226" /><testcase classname="backend.tests.test_api.TestNotesCRUD" name="test_get_notes_list" time="0.112" /><testcase classname="backend.tests.test_api.TestNotesCRUD" name="test_create_and_delete_note" time="0.340" /><testcase classname="backend.tests.test_api.TestZETAAI" name="test_zeta_chat" time="3.461" /><testcase classname="backend.tests.test_api.TestZETAAI" name="test_zeta_chat_with_session_id" time="5.618" /><testcase classname="backend.tests.test_api.TestZETAAI" name="test_zeta_translate_endpoint" time="1.874" /><testcase classname="backend.tests.test_api.TestZETAAI" name="test_zeta_translate_requires_auth" time="0.108" /><testcase classname="backend.tests.test_api.TestCloudStorage" name="test_google_drive_list" time="0.113" /><testcase classname="backend.tests.test_api.TestCloudStorage" name="test_google_drive_upload" time="0.161" /><testcase classname="backend.tests.test_api.TestCloudStorage" name="test_icloud_list" time="0.111" /><testcase classname="backend.tests.test_api.TestCloudStorage" name="test_icloud_upload" time="0.118" /><testcase classname="backend.tests.test_api.TestUnauthenticatedAccess" name="test_documents_requires_auth" time="0.135" /><testcase classname="backend.tests.test_api.TestUnauthenticatedAccess" name="test_notes_requires_auth" time="0.113" /><testcase classname="backend.tests.test_api.TestUnauthenticatedAccess" name="test_zeta_chat_requires_auth" time="0.121" /></testsuite></testsuites>