<?xml version="1.0" encoding="utf-8"?><testsuites name="pytest tests"><testsuite name="pytest" errors="0" failures="0" skipped="0" tests="11" time="3.284" timestamp="2026-03-13T20:56:22.116471+00:00" hostname="agent-env-92d9477f-7524-4fc6-968e-20712c898ccd"><testcase classname="backend.tests.test_quest_map_v2.TestQuestMapV2API" name="test_get_quest_progress_returns_completed_and_xp" time="0.299" /><testcase classname="backend.tests.test_quest_map_v2.TestQuestMapV2API" name="test_complete_quest_0_center_quest" time="0.226" /><testcase classname="backend.tests.test_quest_map_v2.TestQuestMapV2API" name="test_complete_quest_with_sp_value_circle" time="0.374" /><testcase classname="backend.tests.test_quest_map_v2.TestQuestMapV2API" name="test_complete_quest_with_sp_value_square" time="0.276" /><testcase classname="backend.tests.test_quest_map_v2.TestQuestMapV2API" name="test_complete_quest_with_sp_value_triangle" time="0.281" /><testcase classname="backend.tests.test_quest_map_v2.TestQuestMapV2API" name="test_complete_quest_with_sp_value_star" time="0.244" /><testcase classname="backend.tests.test_quest_map_v2.TestQuestMapV2API" name="test_already_completed_quest_returns_flag" time="0.337" /><testcase classname="backend.tests.test_quest_map_v2.TestQuestMapV2API" name="test_unauthenticated_progress_request_returns_401" time="0.303" /><testcase classname="backend.tests.test_quest_map_v2.TestQuestMapV2API" name="test_unauthenticated_complete_request_returns_401" time="0.241" /><testcase classname="backend.tests.test_quest_map_v2.TestQuestMapV2API" name="test_quest_progress_persists_across_sessions" time="0.454" /><testcase classname="backend.tests.test_quest_map_v2.TestNewUserQuestProgress" name="test_new_user_starts_with_zero_sp" time="0.189" /></testsuite></testsuites>