<?xml version="1.0" encoding="utf-8"?><testsuites name="pytest tests"><testsuite name="pytest" errors="0" failures="0" skipped="0" tests="24" time="14.208" timestamp="2026-03-07T09:03:49.645373+00:00" hostname="agent-env-0c799e92-d0a8-4f90-83a0-a34faece8e82"><testcase classname="backend.tests.test_api.TestRootAndHealth" name="test_root_endpoint" time="0.136" /><testcase classname="backend.tests.test_api.TestAuthentication" name="test_auth_me_valid_session" time="0.106" /><testcase classname="backend.tests.test_api.TestAuthentication" name="test_auth_me_invalid_session" time="0.126" /><testcase classname="backend.tests.test_api.TestAuthentication" name="test_auth_me_no_session" time="0.146" /><testcase classname="backend.tests.test_api.TestAuthentication" name="test_auth_bearer_token" time="0.133" /><testcase classname="backend.tests.test_api.TestDocumentsCRUD" name="test_get_documents_list" time="0.104" /><testcase classname="backend.tests.test_api.TestDocumentsCRUD" name="test_get_single_document" time="0.101" /><testcase classname="backend.tests.test_api.TestDocumentsCRUD" name="test_get_nonexistent_document" time="0.103" /><testcase classname="backend.tests.test_api.TestDocumentsCRUD" name="test_create_and_delete_document" time="0.238" /><testcase classname="backend.tests.test_api.TestDocumentsCRUD" name="test_update_document" time="0.193" /><testcase classname="backend.tests.test_api.TestDocumentsCRUD" name="test_update_document_pages" time="0.196" /><testcase classname="backend.tests.test_api.TestNotesCRUD" name="test_get_notes_list" time="0.101" /><testcase classname="backend.tests.test_api.TestNotesCRUD" name="test_create_and_delete_note" time="0.204" /><testcase classname="backend.tests.test_api.TestZETAAI" name="test_zeta_chat" time="4.892" /><testcase classname="backend.tests.test_api.TestZETAAI" name="test_zeta_chat_with_session_id" time="5.562" /><testcase classname="backend.tests.test_api.TestZETAAI" name="test_zeta_translate_endpoint" time="0.861" /><testcase classname="backend.tests.test_api.TestZETAAI" name="test_zeta_translate_requires_auth" time="0.136" /><testcase classname="backend.tests.test_api.TestCloudStorage" name="test_google_drive_list" time="0.099" /><testcase classname="backend.tests.test_api.TestCloudStorage" name="test_google_drive_upload" time="0.108" /><testcase classname="backend.tests.test_api.TestCloudStorage" name="test_icloud_list" time="0.109" /><testcase classname="backend.tests.test_api.TestCloudStorage" name="test_icloud_upload" time="0.108" /><testcase classname="backend.tests.test_api.TestUnauthenticatedAccess" name="test_documents_requires_auth" time="0.100" /><testcase classname="backend.tests.test_api.TestUnauthenticatedAccess" name="test_notes_requires_auth" time="0.103" /><testcase classname="backend.tests.test_api.TestUnauthenticatedAccess" name="test_zeta_chat_requires_auth" time="0.138" /></testsuite></testsuites>