<?xml version="1.0" encoding="utf-8"?><testsuites name="pytest tests"><testsuite name="pytest" errors="0" failures="0" skipped="0" tests="7" time="2.705" timestamp="2026-03-13T20:21:00.921905+00:00" hostname="agent-env-48e511f9-aab5-472b-8c92-6ce9a1e5ea8d"><testcase classname="backend.tests.test_quest_map.TestQuestMap" name="test_get_quest_progress" time="0.563" /><testcase classname="backend.tests.test_quest_map.TestQuestMap" name="test_complete_quest" time="0.384" /><testcase classname="backend.tests.test_quest_map.TestQuestMap" name="test_complete_quest_already_completed" time="0.437" /><testcase classname="backend.tests.test_quest_map.TestQuestMap" name="test_complete_multiple_quests" time="0.498" /><testcase classname="backend.tests.test_quest_map.TestQuestMap" name="test_quest_progress_persistence" time="0.416" /><testcase classname="backend.tests.test_quest_map.TestQuestMapUnauthenticated" name="test_progress_requires_auth" time="0.205" /><testcase classname="backend.tests.test_quest_map.TestQuestMapUnauthenticated" name="test_complete_requires_auth" time="0.142" /></testsuite></testsuites>