<?xml version="1.0" encoding="utf-8"?><testsuites name="pytest tests"><testsuite name="pytest" errors="0" failures="1" skipped="0" tests="8" time="31.493" timestamp="2026-03-16T00:16:38.486981+00:00" hostname="agent-env-7d73c347-0ec3-4038-911d-9fdb69667c6a"><testcase classname="tests.test_new_features.TestCreditPackages" name="test_get_credit_packages_returns_pack_1000" time="0.358" /><testcase classname="tests.test_new_features.TestCreditPackages" name="test_packages_include_100_350_700_1000" time="0.257" /><testcase classname="tests.test_new_features.TestCreditOverflowConfirmation" name="test_buy_credits_returns_needs_confirmation_when_exceeds_1000" time="0.273" /><testcase classname="tests.test_new_features.TestCreditOverflowConfirmation" name="test_buy_credits_with_confirm_overflow_caps_at_1000" time="0.300" /><testcase classname="tests.test_new_features.TestDeepAnalysisFeature" name="test_deep_analysis_returns_403_for_free_user" time="1.452" /><testcase classname="tests.test_new_features.TestDeepAnalysisFeature" name="test_deep_analysis_works_for_pro_user" time="14.437" /><testcase classname="tests.test_new_features.TestDeepAnalysisEndpointExists" name="test_deep_analysis_endpoint_exists" time="10.167"><failure message="requests.exceptions.ReadTimeout: HTTPSConnectionPool(host='brainstorm-ai-dev.preview.emergentagent.com', port=443): Read timed out. (read timeout=10)">/root/.venv/lib/python3.11/site-packages/urllib3/connectionpool.py:534: in _make_request
    response = conn.getresponse()
               ^^^^^^^^^^^^^^^^^^
/root/.venv/lib/python3.11/site-packages/urllib3/connection.py:571: in getresponse
    httplib_response = super().getresponse()
                       ^^^^^^^^^^^^^^^^^^^^^
/usr/local/lib/python3.11/http/client.py:1395: in getresponse
    response.begin()
/usr/local/lib/python3.11/http/client.py:325: in begin
    version, status, reason = self._read_status()
                              ^^^^^^^^^^^^^^^^^^^
/usr/local/lib/python3.11/http/client.py:286: in _read_status
    line = str(self.fp.readline(_MAXLINE + 1), "iso-8859-1")
               ^^^^^^^^^^^^^^^^^^^^^^^^^^^^^^
/usr/local/lib/python3.11/socket.py:718: in readinto
    return self._sock.recv_into(b)
           ^^^^^^^^^^^^^^^^^^^^^^^
/usr/local/lib/python3.11/ssl.py:1314: in recv_into
    return self.read(nbytes, buffer)
           ^^^^^^^^^^^^^^^^^^^^^^^^^
/usr/local/lib/python3.11/ssl.py:1166: in read
    return self._sslobj.read(len, buffer)
           ^^^^^^^^^^^^^^^^^^^^^^^^^^^^^^
E   TimeoutError: The read operation timed out

The above exception was the direct cause of the following exception:
/root/.venv/lib/python3.11/site-packages/requests/adapters.py:644: in send
    resp = conn.urlopen(
/root/.venv/lib/python3.11/site-packages/urllib3/connectionpool.py:841: in urlopen
    retries = retries.increment(
/root/.venv/lib/python3.11/site-packages/urllib3/util/retry.py:490: in increment
    raise reraise(type(error), error, _stacktrace)
          ^^^^^^^^^^^^^^^^^^^^^^^^^^^^^^^^^^^^^^^^
/root/.venv/lib/python3.11/site-packages/urllib3/util/util.py:39: in reraise
    raise value
/root/.venv/lib/python3.11/site-packages/urllib3/connectionpool.py:787: in urlopen
    response = self._make_request(
/root/.venv/lib/python3.11/site-packages/urllib3/connectionpool.py:536: in _make_request
    self._raise_timeout(err=e, url=url, timeout_value=read_timeout)
/root/.venv/lib/python3.11/site-packages/urllib3/connectionpool.py:367: in _raise_timeout
    raise ReadTimeoutError(
E   urllib3.exceptions.ReadTimeoutError: HTTPSConnectionPool(host='brainstorm-ai-dev.preview.emergentagent.com', port=443): Read timed out. (read timeout=10)

During handling of the above exception, another exception occurred:
tests/test_new_features.py:253: in test_deep_analysis_endpoint_exists
    resp = session.post(f"{BASE_URL}/api/zeta/deep-analysis", json={
/root/.venv/lib/python3.11/site-packages/requests/sessions.py:637: in post
    return self.request("POST", url, data=data, json=json, **kwargs)
           ^^^^^^^^^^^^^^^^^^^^^^^^^^^^^^^^^^^^^^^^^^^^^^^^^^^^^^^^^
/root/.venv/lib/python3.11/site-packages/requests/sessions.py:589: in request
    resp = self.send(prep, **send_kwargs)
           ^^^^^^^^^^^^^^^^^^^^^^^^^^^^^^
/root/.venv/lib/python3.11/site-packages/requests/sessions.py:703: in send
    r = adapter.send(request, **kwargs)
        ^^^^^^^^^^^^^^^^^^^^^^^^^^^^^^^
/root/.venv/lib/python3.11/site-packages/requests/adapters.py:690: in send
    raise ReadTimeout(e, request=request)
E   requests.exceptions.ReadTimeout: HTTPSConnectionPool(host='brainstorm-ai-dev.preview.emergentagent.com', port=443): Read timed out. (read timeout=10)</failure></testcase><testcase classname="tests.test_new_features.TestMaxCreditBalance" name="test_overflow_message_mentions_1000_limit" time="4.067" /></testsuite></testsuites>