<?xml version="1.0" encoding="utf-8"?><testsuites name="pytest tests"><testsuite name="pytest" errors="0" failures="0" skipped="0" tests="6" time="2.042" timestamp="2026-03-13T17:37:36.732853+00:00" hostname="agent-env-79bc790d-75e5-4d4a-b65c-9b6445448384"><testcase classname="backend.tests.test_profile.TestProfileEndpoint" name="test_get_current_user_profile" time="0.232" /><testcase classname="backend.tests.test_profile.TestProfileEndpoint" name="test_update_profile_name" time="0.516" /><testcase classname="backend.tests.test_profile.TestProfileEndpoint" name="test_update_profile_empty_name" time="0.400" /><testcase classname="backend.tests.test_profile.TestProfileEndpoint" name="test_update_profile_no_changes" time="0.437" /><testcase classname="backend.tests.test_profile.TestSubscriptionEndpoint" name="test_get_subscription_status" time="0.204" /><testcase classname="backend.tests.test_profile.TestUsageEndpoint" name="test_get_usage_info" time="0.196" /></testsuite></testsuites>