<?xml version="1.0" encoding="utf-8"?><testsuites name="pytest tests"><testsuite name="pytest" errors="0" failures="0" skipped="0" tests="14" time="2.793" timestamp="2026-03-15T23:47:59.179152+00:00" hostname="agent-env-92d9477f-7524-4fc6-968e-20712c898ccd"><testcase classname="backend.tests.test_credit_packages.TestCreditPackagesForFreeUser" name="test_packages_endpoint_returns_4_packages" time="0.217" /><testcase classname="backend.tests.test_credit_packages.TestCreditPackagesForFreeUser" name="test_packages_have_correct_credits" time="0.180" /><testcase classname="backend.tests.test_credit_packages.TestCreditPackagesForFreeUser" name="test_packages_have_correct_ids" time="0.236" /><testcase classname="backend.tests.test_credit_packages.TestCreditPackagesForFreeUser" name="test_free_user_gets_no_discount" time="0.165" /><testcase classname="backend.tests.test_credit_packages.TestCreditPackagesForFreeUser" name="test_packages_response_includes_bonus_credits" time="0.182" /><testcase classname="backend.tests.test_credit_packages.TestCreditPackagesForSubscribedUser" name="test_subscribed_user_gets_15_percent_discount" time="0.155" /><testcase classname="backend.tests.test_credit_packages.TestCreditPackagesForSubscribedUser" name="test_discounted_prices_are_correct" time="0.196" /><testcase classname="backend.tests.test_credit_packages.TestBuyCredits" name="test_buy_credits_adds_bonus_credits" time="0.233" /><testcase classname="backend.tests.test_credit_packages.TestBuyCredits" name="test_buy_credits_returns_correct_price_paid" time="0.185" /><testcase classname="backend.tests.test_credit_packages.TestBuyCredits" name="test_buy_invalid_package_returns_error" time="0.165" /><testcase classname="backend.tests.test_credit_packages.TestBuyCredits" name="test_buy_credits_requires_auth" time="0.260" /><testcase classname="backend.tests.test_credit_packages.TestUsageIncludesBonusCredits" name="test_usage_includes_bonus_credits_field" time="0.163" /><testcase classname="backend.tests.test_credit_packages.TestUsageIncludesBonusCredits" name="test_credits_remaining_includes_bonus" time="0.194" /><testcase classname="backend.tests.test_credit_packages.TestUltraUserDiscount" name="test_ultra_user_gets_discount" time="0.203" /></testsuite></testsuites>